<?xml version="1.0" encoding="utf-8"?><testsuites name="pytest tests"><testsuite name="pytest" errors="0" failures="1" skipped="0" tests="21" time="2.533" timestamp="2026-07-29T04:59:46.775329+00:00" hostname="agent-env-502d5fd0-1c5b-4454-bca0-e1c08823ca6b"><testcase classname="tests.test_iter20_spk_single_pengrajin" name="test_00_setup_barang" time="0.498" /><testcase classname="tests.test_iter20_spk_single_pengrajin" name="test_01_setup_pengrajin" time="0.183" /><testcase classname="tests.test_iter20_spk_single_pengrajin" name="test_02_setup_po" time="0.054" /><testcase classname="tests.test_iter20_spk_single_pengrajin" name="test_10_spk_create_single_pengrajin_success" time="0.054" /><testcase classname="tests.test_iter20_spk_single_pengrajin" name="test_11_spk_create_second_pengrajin_success" time="0.047" /><testcase classname="tests.test_iter20_spk_single_pengrajin" name="test_12_spk_create_third_reach_po_qty" time="0.048" /><testcase classname="tests.test_iter20_spk_single_pengrajin" name="test_13_spk_create_over_po_qty_400" time="0.047" /><testcase classname="tests.test_iter20_spk_single_pengrajin" name="test_20_spk_edit_over_po_qty" time="0.047" /><testcase classname="tests.test_iter20_spk_single_pengrajin" name="test_21_spk_edit_under_po_qty" time="0.096" /><testcase classname="tests.test_iter20_spk_single_pengrajin" name="test_30_spk_missing_pengrajin_id" time="0.044" /><testcase classname="tests.test_iter20_spk_single_pengrajin" name="test_31_spk_invalid_pengrajin_id" time="0.046" /><testcase classname="tests.test_iter20_spk_single_pengrajin" name="test_40_rekap_all_po_filter_no_po" time="0.045" /><testcase classname="tests.test_iter20_spk_single_pengrajin" name="test_41_rekap_all_po_filter_barang_and_pengrajin" time="0.047" /><testcase classname="tests.test_iter20_spk_single_pengrajin" name="test_42_rekap_all_po_filter_pengrajin_not_alloc" time="0.048" /><testcase classname="tests.test_iter20_spk_single_pengrajin" name="test_43_rekap_per_pengrajin_filter" time="0.045" /><testcase classname="tests.test_iter20_spk_single_pengrajin" name="test_50_staffing_create_and_filter" time="0.047"><failure message="AssertionError: {&quot;detail&quot;:&quot;Qty staffing untuk ITER20_Napoleon_1785301187 melebihi sisa yang siap (Ready: 0, sudah dikirim: 0, sisa: 0, diminta: 10)&quot;}&#10;assert 400 == 200&#10; +  where 400 = &lt;Response [400]&gt;.status_code">backend/tests/test_iter20_spk_single_pengrajin.py:221: in test_50_staffing_create_and_filter
    assert r.status_code == 200, r.text
E   AssertionError: {"detail":"Qty staffing untuk ITER20_Napoleon_1785301187 melebihi sisa yang siap (Ready: 0, sudah dikirim: 0, sisa: 0, diminta: 10)"}
E   assert 400 == 200
E    +  where 400 = &lt;Response [400]&gt;.status_code</failure></testcase><testcase classname="tests.test_iter20_spk_single_pengrajin" name="test_51_staffing_filter_pengrajin_none" time="0.045" /><testcase classname="tests.test_iter20_spk_single_pengrajin" name="test_60_export_staffing_pdf_with_filter" time="0.056" /><testcase classname="tests.test_iter20_spk_single_pengrajin" name="test_61_export_staffing_excel_with_filter" time="0.048" /><testcase classname="tests.test_iter20_spk_single_pengrajin" name="test_70_bm_aggregates_across_spks" time="0.276" /><testcase classname="tests.test_iter20_spk_single_pengrajin" name="test_80_legacy_allocations_flatten" time="0.139" /></testsuite></testsuites>