<?xml version="1.0" encoding="utf-8"?><testsuites name="pytest tests"><testsuite name="pytest" errors="0" failures="1" skipped="0" tests="9" time="2.930" timestamp="2026-07-25T07:09:46.174490+00:00" hostname="agent-env-502d5fd0-1c5b-4454-bca0-e1c08823ca6b"><testcase classname="tests.test_iter10.TestRekapProgres" name="test_rekap_has_new_fields" time="0.596" /><testcase classname="tests.test_iter10.TestRekapProgres" name="test_no_inconsistent_rows" time="0.046" /><testcase classname="tests.test_iter10.TestRekapProgres" name="test_n10036_napeleon_values" time="0.048" /><testcase classname="tests.test_iter10.TestBMKomplitData" name="test_n10036_qty_diterima_full" time="0.090"><failure message="AssertionError: N10036 barang 6a6322f470c768918a360668: qty_diterima=20 &lt; po_qty=50&#10;assert 20 &gt;= 50&#10; +  where 20 = &lt;built-in method get of dict object at 0xf83bbd498a80&gt;('6a6322f470c768918a360668', 0)&#10; +    where &lt;built-in method get of dict object at 0xf83bbd498a80&gt; = {'6a63233070c768918a36066a': 400, '6a6322f470c768918a360668': 20}.get&#10; +  and   50 = &lt;built-in method get of dict object at 0xf83bbd4992c0&gt;('qty', 0)&#10; +    where &lt;built-in method get of dict object at 0xf83bbd4992c0&gt; = {'barang_id': '6a6322f470c768918a360668', 'nama_barang': 'Kopitiam Stool', 'nama_pengrajin': 'aan', 'spesifikasi': 'waterbise', ...}.get">backend/tests/test_iter10.py:191: in test_n10036_qty_diterima_full
    assert totals.get(bid, 0) &gt;= it.get("qty", 0), \
E   AssertionError: N10036 barang 6a6322f470c768918a360668: qty_diterima=20 &lt; po_qty=50
E   assert 20 &gt;= 50
E    +  where 20 = &lt;built-in method get of dict object at 0xf83bbd498a80&gt;('6a6322f470c768918a360668', 0)
E    +    where &lt;built-in method get of dict object at 0xf83bbd498a80&gt; = {'6a63233070c768918a36066a': 400, '6a6322f470c768918a360668': 20}.get
E    +  and   50 = &lt;built-in method get of dict object at 0xf83bbd4992c0&gt;('qty', 0)
E    +    where &lt;built-in method get of dict object at 0xf83bbd4992c0&gt; = {'barang_id': '6a6322f470c768918a360668', 'nama_barang': 'Kopitiam Stool', 'nama_pengrajin': 'aan', 'spesifikasi': 'waterbise', ...}.get</failure></testcase><testcase classname="tests.test_iter10" name="test_zzz_cleanup" time="1.449" /><testcase classname="tests.test_iter10.TestProgresEdit" name="test_edit_qty_up_ok" time="0.883" /><testcase classname="tests.test_iter10.TestProgresEdit" name="test_edit_qty_over_limit_400" time="0.047" /><testcase classname="tests.test_iter10.TestProgresPDFExport" name="test_pdf_export_ok" time="1.372" /><testcase classname="tests.test_iter10.TestProgresPDFExport" name="test_pdf_export_filtered_by_tanggal" time="0.057" /></testsuite></testsuites>