<?xml version="1.0" encoding="utf-8"?><testsuites name="pytest tests"><testsuite name="pytest" errors="0" failures="0" skipped="0" tests="16" time="3.658" timestamp="2026-07-24T12:24:37.250114+00:00" hostname="agent-env-502d5fd0-1c5b-4454-bca0-e1c08823ca6b"><testcase classname="tests.test_iter8.TestAllStagesCappedByQtyMasuk" name="test_grinda_clamped_to_qty_masuk" time="0.661" /><testcase classname="tests.test_iter8.TestAllStagesCappedByQtyMasuk" name="test_servis_clamped_to_qty_masuk" time="0.050" /><testcase classname="tests.test_iter8.TestAllStagesCappedByQtyMasuk" name="test_finishing_clamped_to_qty_masuk" time="0.049" /><testcase classname="tests.test_iter8.TestAllStagesCappedByQtyMasuk" name="test_packing_clamped_to_qty_masuk" time="0.050" /><testcase classname="tests.test_iter8.TestAllStagesCappedByQtyMasuk" name="test_all_four_over_at_once" time="0.049" /><testcase classname="tests.test_iter8.TestTanggalPersistence" name="test_tanggal_saved_and_returned_from_post" time="0.195" /><testcase classname="tests.test_iter8.TestTanggalPersistence" name="test_tanggal_default_to_today_when_omitted" time="0.192" /><testcase classname="tests.test_iter8.TestTanggalPersistence" name="test_by_po_includes_tanggal_field" time="0.093" /><testcase classname="tests.test_iter8.TestProgresStaffingSync" name="test_packing_reflects_as_qty_ready" time="0.327" /><testcase classname="tests.test_iter8.TestManualMode" name="test_manual_progres_no_po_saves_metadata" time="0.094" /><testcase classname="tests.test_iter8.TestManualMode" name="test_manual_progres_stages_zeroed_when_no_po" time="0.090" /><testcase classname="tests.test_iter8.TestN10036Scenario" name="test_n10036_grinda_clamp_and_qty_ready_flow" time="0.223" /><testcase classname="tests.test_iter8.TestRegression" name="test_all_rekap_5_tabs_load" time="0.232" /><testcase classname="tests.test_iter8.TestRegression" name="test_staffing_still_capped_by_qty_ready" time="0.226" /><testcase classname="tests.test_iter8.TestRegression" name="test_guest_no_pengrajin_on_barang" time="0.412" /><testcase classname="tests.test_iter8" name="test_zzz_cleanup_test_iter8_records" time="0.660" /></testsuite></testsuites>