<?xml version="1.0" encoding="utf-8"?><testsuites name="pytest tests"><testsuite name="pytest" errors="0" failures="0" skipped="0" tests="16" time="2.497" timestamp="2026-07-24T11:21:05.901877+00:00" hostname="agent-env-502d5fd0-1c5b-4454-bca0-e1c08823ca6b"><testcase classname="tests.test_iter6.TestRegression" name="test_get_all_po" time="0.746" /><testcase classname="tests.test_iter6.TestPydanticValidation" name="test_bm_missing_barang_id_returns_422" time="0.825" /><testcase classname="tests.test_iter6.TestRegression" name="test_get_barang_masuk" time="0.052" /><testcase classname="tests.test_iter6.TestRegression" name="test_get_staffing" time="0.090" /><testcase classname="tests.test_iter6.TestPydanticValidation" name="test_bm_negative_qty_diterima_returns_422" time="0.045" /><testcase classname="tests.test_iter6.TestPydanticValidation" name="test_staffing_missing_barang_id_returns_422" time="0.042" /><testcase classname="tests.test_iter6.TestRegression" name="test_get_rekap_all_po_has_status_flags" time="0.072" /><testcase classname="tests.test_iter6.TestPydanticValidation" name="test_staffing_negative_qty_returns_422" time="0.043" /><testcase classname="tests.test_iter6.TestRegression" name="test_get_rekap_per_barang" time="0.090" /><testcase classname="tests.test_iter6.TestSisaValidation" name="test_bm_qty_exceeds_sisa_returns_400_with_sisa" time="0.172" /><testcase classname="tests.test_iter6.TestRegression" name="test_get_rekap_progres" time="0.050" /><testcase classname="tests.test_iter6.TestRegression" name="test_get_rekap_per_pengrajin" time="0.047" /><testcase classname="tests.test_iter6.TestSisaValidation" name="test_staffing_qty_exceeds_sisa_returns_400_with_sisa" time="0.085" /><testcase classname="tests.test_iter6.TestUpdateBM" name="test_update_bm_reverts_old_and_applies_new" time="0.442" /><testcase classname="tests.test_iter6.TestUpdatePOPreservesCounters" name="test_update_po_preserves_qty_staffed_and_qty_diterima" time="0.516" /><testcase classname="tests.test_iter6.TestUpdateStaffing" name="test_update_staffing_reverts_old_and_applies_new" time="0.386" /></testsuite></testsuites>