<?xml version="1.0" encoding="utf-8"?><testsuites name="pytest tests"><testsuite name="pytest" errors="0" failures="3" skipped="0" tests="33" time="6.406" timestamp="2026-07-27T10:59:50.070245+00:00" hostname="agent-env-502d5fd0-1c5b-4454-bca0-e1c08823ca6b"><testcase classname="tests.backend_test.TestAuth" name="test_login_admin_success" time="0.616" /><testcase classname="tests.backend_test.TestBarang" name="test_create_barang_admin" time="0.720" /><testcase classname="tests.backend_test.TestAuth" name="test_login_staff_success" time="0.414" /><testcase classname="tests.backend_test.TestAuth" name="test_login_guest_success" time="0.442" /><testcase classname="tests.backend_test.TestBarang" name="test_create_barang_staff_forbidden" time="0.750" /><testcase classname="tests.backend_test.TestAuth" name="test_login_invalid" time="0.552" /><testcase classname="tests.backend_test.TestBarang" name="test_create_barang_guest_forbidden" time="0.552" /><testcase classname="tests.backend_test.TestAuth" name="test_me_unauthenticated" time="0.140" /><testcase classname="tests.backend_test.TestBarang" name="test_list_barang_admin_has_prices" time="0.086" /><testcase classname="tests.backend_test.TestBarang" name="test_list_barang_staff_hides_price_shows_pengrajin" time="0.041" /><testcase classname="tests.backend_test.TestBarang" name="test_list_barang_guest_hides_price_and_pengrajin" time="0.046" /><testcase classname="tests.backend_test.TestBarang" name="test_search_barang" time="0.052" /><testcase classname="tests.backend_test.TestPO" name="test_create_po_admin" time="0.367" /><testcase classname="tests.backend_test.TestAuth" name="test_me_authenticated" time="0.402" /><testcase classname="tests.backend_test.TestAuth" name="test_logout" time="0.370" /><testcase classname="tests.backend_test.TestPO" name="test_create_po_staff_forbidden" time="0.269" /><testcase classname="tests.backend_test.TestPO" name="test_update_po_admin" time="0.366" /><testcase classname="tests.backend_test.TestPO" name="test_po_list_staff_no_prices" time="0.042" /><testcase classname="tests.backend_test.TestPO" name="test_po_list_guest_no_prices_no_pengrajin" time="0.047" /><testcase classname="tests.backend_test.TestRekap" name="test_rekap_all_po" time="0.048" /><testcase classname="tests.backend_test.TestRekap" name="test_rekap_per_pengrajin_admin" time="0.044" /><testcase classname="tests.backend_test.TestBarangMasuk" name="test_create_barang_masuk_staff_allowed" time="0.671" /><testcase classname="tests.backend_test.TestRekap" name="test_rekap_per_pengrajin_guest_forbidden" time="0.045" /><testcase classname="tests.backend_test.TestStaffing" name="test_create_staffing_staff_allowed" time="0.044"><failure message="assert 400 == 200&#10; +  where 400 = &lt;Response [400]&gt;.status_code">E   assert 400 == 200
     +  where 400 = &lt;Response [400]&gt;.status_code</failure></testcase><testcase classname="tests.backend_test.TestStaffing" name="test_staffing_guest_forbidden" time="0.088" /><testcase classname="tests.backend_test.TestSPK" name="test_create_spk_admin" time="0.310" /><testcase classname="tests.backend_test.TestSPK" name="test_spk_staff_forbidden" time="0.081" /><testcase classname="tests.backend_test.TestBarangMasuk" name="test_barang_masuk_guest_forbidden" time="0.403" /><testcase classname="tests.backend_test.TestExport" name="test_export_po_pdf" time="0.064" /><testcase classname="tests.backend_test.TestBarangMasuk" name="test_list_barang_masuk" time="0.052" /><testcase classname="tests.backend_test.TestProgres" name="test_update_progres_staff" time="0.092"><failure message="assert 422 == 200&#10; +  where 422 = &lt;Response [422]&gt;.status_code">E   assert 422 == 200
     +  where 422 = &lt;Response [422]&gt;.status_code</failure></testcase><testcase classname="tests.backend_test.TestExport" name="test_export_barang_masuk_excel" time="1.832" /><testcase classname="tests.backend_test.TestProgres" name="test_progres_guest_forbidden" time="1.741"><failure message="assert 422 == 403&#10; +  where 422 = &lt;Response [422]&gt;.status_code">E   assert 422 == 403
     +  where 422 = &lt;Response [422]&gt;.status_code</failure></testcase></testsuite></testsuites>