<?xml version="1.0" encoding="utf-8"?><testsuites name="pytest tests"><testsuite name="pytest" errors="0" failures="0" skipped="0" tests="11" time="2.405" timestamp="2026-07-24T10:53:39.614000+00:00" hostname="agent-env-502d5fd0-1c5b-4454-bca0-e1c08823ca6b"><testcase classname="tests.test_iter5.TestRekapAllPOStatus" name="test_rekap_all_po_returns_status_fields" time="0.659" /><testcase classname="tests.test_iter5.TestStaffingQtyStaffed" name="test_create_staffing_increments_qty_staffed" time="0.751" /><testcase classname="tests.test_iter5.TestRekapAllPOStatus" name="test_n10036_has_komplit_spk_true" time="0.048" /><testcase classname="tests.test_iter5.TestRekapAllPOStatus" name="test_new_po_without_spk_has_komplit_spk_false" time="0.134" /><testcase classname="tests.test_iter5.TestStaffingQtyStaffed" name="test_create_second_staffing_accumulates" time="0.088" /><testcase classname="tests.test_iter5.TestStaffingQtyStaffed" name="test_update_staffing_reverts_and_applies" time="0.116" /><testcase classname="tests.test_iter5.TestRekapAllPOStatus" name="test_komplit_terkirim_flips_true_when_qty_staffed_meets_qty" time="0.277" /><testcase classname="tests.test_iter5.TestStaffingQtyStaffed" name="test_delete_staffing_reverts" time="0.172" /><testcase classname="tests.test_iter5.TestPOQtyStaffedInit" name="test_create_po_initializes_qty_staffed_zero" time="0.169" /><testcase classname="tests.test_iter5.TestStaffingQtyStaffed" name="test_delete_staffing_not_found_returns_404" time="0.091" /><testcase classname="tests.test_iter5.TestPOQtyStaffedInit" name="test_update_po_resets_qty_staffed_to_zero" time="0.365" /></testsuite></testsuites>