<?xml version="1.0" encoding="utf-8"?><testsuites name="pytest tests"><testsuite name="pytest" errors="0" failures="0" skipped="0" tests="34" time="4.372" timestamp="2026-07-29T04:01:52.056626+00:00" hostname="agent-env-502d5fd0-1c5b-4454-bca0-e1c08823ca6b"><testcase classname="tests.test_iter18_refactor" name="test_01_owner_role_login" time="0.372" /><testcase classname="tests.test_iter18_refactor" name="test_02_admin_role_login" time="0.325" /><testcase classname="tests.test_iter18_refactor" name="test_03_admin_activity_log_200" time="0.417" /><testcase classname="tests.test_iter18_refactor" name="test_04_owner_activity_log_200" time="0.400" /><testcase classname="tests.test_iter18_refactor" name="test_05_staff_activity_log_403" time="0.393" /><testcase classname="tests.test_iter18_refactor" name="test_06_guest_activity_log_403" time="0.374" /><testcase classname="tests.test_iter18_refactor" name="test_07_owner_post_barang_403" time="0.047" /><testcase classname="tests.test_iter18_refactor" name="test_08_owner_post_pengrajin_403" time="0.044" /><testcase classname="tests.test_iter18_refactor" name="test_09_owner_post_po_403" time="0.043" /><testcase classname="tests.test_iter18_refactor" name="test_10_owner_post_spk_403" time="0.043" /><testcase classname="tests.test_iter18_refactor" name="test_11_owner_read_barang" time="0.044" /><testcase classname="tests.test_iter18_refactor" name="test_12_owner_read_pengrajin" time="0.042" /><testcase classname="tests.test_iter18_refactor" name="test_13_get_pengrajin_all_roles" time="0.191" /><testcase classname="tests.test_iter18_refactor" name="test_14_admin_create_pengrajin" time="0.091" /><testcase classname="tests.test_iter18_refactor" name="test_15_staff_create_pengrajin_403" time="0.043" /><testcase classname="tests.test_iter18_refactor" name="test_16_missing_nama_400" time="0.044" /><testcase classname="tests.test_iter18_refactor" name="test_17_admin_update_pengrajin" time="0.095" /><testcase classname="tests.test_iter18_refactor" name="test_18_admin_delete_pengrajin" time="0.046" /><testcase classname="tests.test_iter18_refactor" name="test_20_setup_barang_pengrajin_po" time="0.181" /><testcase classname="tests.test_iter18_refactor" name="test_21_spk_missing_allocations_400" time="0.047" /><testcase classname="tests.test_iter18_refactor" name="test_22_spk_sum_mismatch_400" time="0.045" /><testcase classname="tests.test_iter18_refactor" name="test_23_spk_invalid_pengrajin_400" time="0.043" /><testcase classname="tests.test_iter18_refactor" name="test_24_spk_valid_multi_alloc" time="0.054" /><testcase classname="tests.test_iter18_refactor" name="test_31_bm_no_pengrajin_400_or_allowed_legacy" time="0.050" /><testcase classname="tests.test_iter18_refactor" name="test_32_bm_exceed_alloc_400" time="0.047" /><testcase classname="tests.test_iter18_refactor" name="test_33_bm_valid" time="0.053" /><testcase classname="tests.test_iter18_refactor" name="test_41_grinda_exceed_bm_400" time="0.048" /><testcase classname="tests.test_iter18_refactor" name="test_42_grinda_valid" time="0.048" /><testcase classname="tests.test_iter18_refactor" name="test_43_servis_exceed_grinda_400" time="0.047" /><testcase classname="tests.test_iter18_refactor" name="test_51_get_barang" time="0.049" /><testcase classname="tests.test_iter18_refactor" name="test_52_get_po" time="0.048" /><testcase classname="tests.test_iter18_refactor" name="test_53_get_rekap_progres" time="0.045" /><testcase classname="tests.test_iter18_refactor" name="test_54_get_rekap_per_pengrajin" time="0.053" /><testcase classname="tests.test_iter18_refactor" name="test_99_cleanup" time="0.370" /></testsuite></testsuites>