<?xml version="1.0" encoding="utf-8"?><testsuites name="pytest tests"><testsuite name="pytest" errors="0" failures="0" skipped="0" tests="37" time="5.307" timestamp="2026-07-24T08:25:55.299108+00:00" hostname="agent-env-502d5fd0-1c5b-4454-bca0-e1c08823ca6b"><testcase classname="tests.test_iter2.TestUserManagement" name="test_list_users_admin" time="0.636" /><testcase classname="tests.test_iter2.TestRekapNewTabs" name="test_rekap_per_barang_admin" time="0.684" /><testcase classname="tests.test_iter2.TestUserManagement" name="test_list_users_staff_forbidden" time="0.543" /><testcase classname="tests.test_iter2.TestRekapNewTabs" name="test_rekap_per_barang_guest_hides_pengrajin" time="0.540" /><testcase classname="tests.test_iter2.TestRekapNewTabs" name="test_rekap_progres_admin" time="0.046" /><testcase classname="tests.test_iter2.TestRekapNewTabs" name="test_rekap_progres_guest_hides_pengrajin" time="0.227" /><testcase classname="tests.test_iter2.TestUserManagement" name="test_list_users_guest_forbidden" time="0.402" /><testcase classname="tests.test_iter2.TestRekapNewTabs" name="test_rekap_staffing_detail_admin" time="0.043" /><testcase classname="tests.test_iter2.TestRekapNewTabs" name="test_rekap_staffing_detail_date_range" time="0.087" /><testcase classname="tests.test_iter2.TestUserManagement" name="test_create_user_admin" time="0.351" /><testcase classname="tests.test_iter2.TestRekapNewTabs" name="test_rekap_all_po_uses_kurang_kirim" time="0.225" /><testcase classname="tests.test_iter2.TestUserManagement" name="test_create_user_staff_forbidden" time="0.240" /><testcase classname="tests.test_iter2.TestUserManagement" name="test_create_user_duplicate_email" time="0.391" /><testcase classname="tests.test_iter2.TestRekapNewTabs" name="test_rekap_all_po_staffing_join_fixed" time="0.762" /><testcase classname="tests.test_iter2.TestUserManagement" name="test_create_user_invalid_role" time="0.041" /><testcase classname="tests.test_iter2.TestUserManagement" name="test_update_user" time="0.473" /><testcase classname="tests.test_iter2.TestDeleteEndpoints" name="test_delete_barang_admin" time="0.347" /><testcase classname="tests.test_iter2.TestDeleteEndpoints" name="test_delete_barang_staff_forbidden" time="0.089" /><testcase classname="tests.test_iter2.TestDeleteEndpoints" name="test_delete_po_admin" time="0.528" /><testcase classname="tests.test_iter2.TestUserManagement" name="test_delete_user" time="0.354" /><testcase classname="tests.test_iter2.TestUserManagement" name="test_delete_user_cannot_delete_self" time="0.089" /><testcase classname="tests.test_iter2.TestGuestHides" name="test_guest_cannot_access_users" time="0.083" /><testcase classname="tests.test_iter2.TestDeleteEndpoints" name="test_delete_po_staff_forbidden" time="0.131" /><testcase classname="tests.test_iter2.TestGuestHides" name="test_guest_barang_no_price_no_pengrajin" time="0.049" /><testcase classname="tests.test_iter2.TestGuestHides" name="test_guest_po_no_price_no_pengrajin" time="0.044" /><testcase classname="tests.test_iter2.TestGuestHides" name="test_guest_spk_no_price_no_pengrajin" time="0.083" /><testcase classname="tests.test_iter2.TestDeleteEndpoints" name="test_delete_spk_admin" time="0.134" /><testcase classname="tests.test_iter2.TestGuestHides" name="test_guest_rekap_all_po_no_pengrajin" time="0.109" /><testcase classname="tests.test_iter2.TestDeleteEndpoints" name="test_delete_barang_masuk_reverts_po_qty" time="0.390" /><testcase classname="tests.test_iter2.TestExports" name="test_export_barang_masuk_pdf" time="0.097" /><testcase classname="tests.test_iter2.TestExports" name="test_export_staffing_pdf" time="0.096" /><testcase classname="tests.test_iter2.TestExports" name="test_export_spk_pdf" time="0.139" /><testcase classname="tests.test_iter2.TestSearch" name="test_search_po" time="0.046" /><testcase classname="tests.test_iter2.TestDeleteEndpoints" name="test_delete_staffing_admin" time="0.166" /><testcase classname="tests.test_iter2.TestSearch" name="test_search_spk" time="0.046" /><testcase classname="tests.test_iter2.TestUpdateEndpoints" name="test_update_barang" time="0.134" /><testcase classname="tests.test_iter2.TestUpdateEndpoints" name="test_update_barang_masuk" time="0.235" /></testsuite></testsuites>