<?xml version="1.0" encoding="utf-8"?><testsuites name="pytest tests"><testsuite name="pytest" errors="0" failures="0" skipped="0" tests="16" time="3.028" timestamp="2026-07-27T05:23:11.076031+00:00" hostname="agent-env-502d5fd0-1c5b-4454-bca0-e1c08823ca6b"><testcase classname="tests.test_iter11.TestActivityLogEndpoints" name="test_get_activity_log_exists" time="0.741" /><testcase classname="tests.test_iter11.TestFiltersAndPurge" name="test_filter_limit" time="0.745" /><testcase classname="tests.test_iter11.TestFiltersAndPurge" name="test_filter_resource_barang" time="0.045" /><testcase classname="tests.test_iter11.TestFiltersAndPurge" name="test_sorted_desc" time="0.048" /><testcase classname="tests.test_iter11.TestActivityLogEndpoints" name="test_get_activity_log_forbidden_for_staff" time="0.623" /><testcase classname="tests.test_iter11.TestFiltersAndPurge" name="test_purge_forbidden_for_guest" time="0.576" /><testcase classname="tests.test_iter11.TestFiltersAndPurge" name="test_purge_valid" time="0.075" /><testcase classname="tests.test_iter11.TestRegressionIter10" name="test_barang_list_works" time="0.301" /><testcase classname="tests.test_iter11.TestActivityLogEndpoints" name="test_get_activity_log_forbidden_for_guest" time="0.431" /><testcase classname="tests.test_iter11.TestRegressionIter10" name="test_po_list_works" time="0.065" /><testcase classname="tests.test_iter11.TestActivityLogEndpoints" name="test_purge_requires_before_param" time="0.045" /><testcase classname="tests.test_iter11.TestActivityLogEndpoints" name="test_purge_forbidden_for_staff" time="0.089" /><testcase classname="tests.test_iter11.TestRegressionIter10" name="test_progres_works" time="0.043" /><testcase classname="tests.test_iter11.TestAuthLogging" name="test_login_creates_log_entry" time="0.046" /><testcase classname="tests.test_iter11.TestMutationMiddleware" name="test_barang_crud_creates_log_entries" time="0.475" /><testcase classname="tests.test_iter11.TestAuthLogging" name="test_failed_login_creates_log_entry" time="0.417" /></testsuite></testsuites>