<?xml version="1.0" encoding="utf-8"?><testsuites name="pytest tests"><testsuite name="pytest" errors="0" failures="0" skipped="0" tests="6" time="2.606" timestamp="2026-07-29T05:55:00.923956+00:00" hostname="agent-env-502d5fd0-1c5b-4454-bca0-e1c08823ca6b"><testcase classname="tests.test_iter22_kinerja_pengrajin" name="test_guest_forbidden" time="0.462" /><testcase classname="tests.test_iter22_kinerja_pengrajin" name="test_default_month_current" time="0.365" /><testcase classname="tests.test_iter22_kinerja_pengrajin" name="test_response_shape" time="0.046" /><testcase classname="tests.test_iter22_kinerja_pengrajin" name="test_sorted_and_ranked" time="0.056" /><testcase classname="tests.test_iter22_kinerja_pengrajin" name="test_on_time_rate_scenario" time="1.089" /><testcase classname="tests.test_iter22_kinerja_pengrajin" name="test_badge_logic" time="0.055" /></testsuite></testsuites>