<?xml version="1.0" encoding="utf-8"?><testsuites name="pytest tests"><testsuite name="pytest" errors="0" failures="0" skipped="0" tests="15" time="2.936" timestamp="2026-07-24T12:06:00.092523+00:00" hostname="agent-env-502d5fd0-1c5b-4454-bca0-e1c08823ca6b"><testcase classname="tests.test_iter7.TestBarangPengrajinList" name="test_create_barang_with_pengrajin_list_persists" time="0.846" /><testcase classname="tests.test_iter7.TestStaffingLimitByReady" name="test_po_get_returns_qty_ready" time="0.904" /><testcase classname="tests.test_iter7.TestBarangPengrajinList" name="test_update_barang_pengrajin_list" time="0.210" /><testcase classname="tests.test_iter7.TestStaffingLimitByReady" name="test_po_list_returns_qty_ready" time="0.046" /><testcase classname="tests.test_iter7.TestStaffingLimitByReady" name="test_staffing_qty_exceeds_ready_returns_400" time="0.093" /><testcase classname="tests.test_iter7.TestStaffingLimitByReady" name="test_staffing_valid_qty_succeeds_and_increments" time="0.343" /><testcase classname="tests.test_iter7.TestBarangPengrajinList" name="test_guest_cannot_see_pengrajin_list" time="0.427" /><testcase classname="tests.test_iter7.TestStaffingLimitByReady" name="test_staffing_update_exceeds_ready_returns_400" time="0.310" /><testcase classname="tests.test_iter7.TestBarangPengrajinList" name="test_admin_can_see_pengrajin_list_on_list" time="0.102" /><testcase classname="tests.test_iter7.TestExistingN10036" name="test_n10036_staffing_over_ready" time="0.106" /><testcase classname="tests.test_iter7" name="test_cleanup_test_iter7_records" time="0.569" /><testcase classname="tests.test_iter7.TestRegression" name="test_update_po_preserves_counters" time="0.242" /><testcase classname="tests.test_iter7.TestRegression" name="test_bm_sisa_validation" time="0.222" /><testcase classname="tests.test_iter7.TestRegression" name="test_rekap_all_po_has_status_flags" time="0.048" /><testcase classname="tests.test_iter7.TestRegression" name="test_all_rekap_endpoints_load" time="0.224" /></testsuite></testsuites>