<?xml version="1.0" encoding="utf-8"?><testsuites name="pytest tests"><testsuite name="pytest" errors="0" failures="2" skipped="0" tests="24" time="4.398" timestamp="2026-07-24T09:21:02.775692+00:00" hostname="agent-env-502d5fd0-1c5b-4454-bca0-e1c08823ca6b"><testcase classname="tests.test_iter3.TestDelete404" name="test_delete_barang_404" time="0.643" /><testcase classname="tests.test_iter3.TestDelete404" name="test_delete_po_404" time="0.048" /><testcase classname="tests.test_iter3.TestDelete404" name="test_delete_bm_404" time="0.054" /><testcase classname="tests.test_iter3.TestDelete404" name="test_delete_staffing_404" time="0.260" /><testcase classname="tests.test_iter3.TestDelete404" name="test_delete_spk_404" time="0.050" /><testcase classname="tests.test_iter3.TestDelete404" name="test_delete_user_404" time="0.047" /><testcase classname="tests.test_iter3.TestProgresPackingMax" name="test_post_progres_with_po_id" time="1.243" /><testcase classname="tests.test_iter3.TestProgresPackingMax" name="test_packing_capped_at_qty_masuk" time="0.293" /><testcase classname="tests.test_iter3.TestProgresPackingMax" name="test_grinda_servis_not_capped" time="0.045" /><testcase classname="tests.test_iter3.TestProgresPackingMax" name="test_by_po_marks_komplit_when_packing_meets_qty" time="0.465" /><testcase classname="tests.test_iter3.TestRegression" name="test_auth_still_works" time="0.928" /><testcase classname="tests.test_iter3.TestRegression" name="test_barang_crud_regression" time="0.465" /><testcase classname="tests.test_iter3.TestProgresPackingMax" name="test_progres_guest_forbidden" time="0.409" /><testcase classname="tests.test_iter3.TestProgresByPo" name="test_by_po_returns_grouped" time="0.048" /><testcase classname="tests.test_iter3.TestRegression" name="test_exports_regression" time="0.758" /><testcase classname="tests.test_iter3.TestProgresByPo" name="test_by_po_only_includes_items_with_barang_masuk" time="0.792" /><testcase classname="tests.test_iter3.TestRegression" name="test_rekap_endpoints_regression" time="0.264" /><testcase classname="tests.test_iter3.TestProgresByPo" name="test_by_po_guest_hides_pengrajin" time="0.085" /><testcase classname="tests.test_iter3.TestRekapNoPoFilter" name="test_no_po_filter_returns_only_that_po" time="0.056"><failure message="AssertionError: Filter leaked: got no_po=N10036, expected TEST_ITER3_3bdbcf&#10;assert 'N10036' == 'TEST_ITER3_3bdbcf'&#10;  &#10;  - TEST_ITER3_3bdbcf&#10;  + N10036">backend/tests/test_iter3.py:198: in test_no_po_filter_returns_only_that_po
    assert row["no_po"] == po["no_po"], f"Filter leaked: got no_po={row['no_po']}, expected {po['no_po']}"
E   AssertionError: Filter leaked: got no_po=N10036, expected TEST_ITER3_3bdbcf
E   assert 'N10036' == 'TEST_ITER3_3bdbcf'
E     
E     - TEST_ITER3_3bdbcf
E     + N10036</failure></testcase><testcase classname="tests.test_iter3.TestRekapNoPoFilter" name="test_no_po_filter_no_match_returns_empty" time="0.050"><failure message="AssertionError: Non-existent no_po should return empty list&#10;assert [{'no_po': 'N...n': 'P', ...}] == []&#10;  &#10;  Left contains 5 more items, first extra item: {'no_po': 'N10036', 'nama_barang': 'Kopitiam Stool', 'spesifikasi': 'waterbise', 'nama_pengrajin': 'aan', ...}&#10;  &#10;  Full diff:&#10;  - []&#10;  + [&#10;  +     {...&#10;  &#10;  ...Full output truncated (50 lines hidden), use '-vv' to show">backend/tests/test_iter3.py:203: in test_no_po_filter_no_match_returns_empty
    assert r.json() == [], "Non-existent no_po should return empty list"
E   AssertionError: Non-existent no_po should return empty list
E   assert [{'no_po': 'N...n': 'P', ...}] == []
E     
E     Left contains 5 more items, first extra item: {'no_po': 'N10036', 'nama_barang': 'Kopitiam Stool', 'spesifikasi': 'waterbise', 'nama_pengrajin': 'aan', ...}
E     
E     Full diff:
E     - []
E     + [
E     +     {...
E     
E     ...Full output truncated (50 lines hidden), use '-vv' to show</failure></testcase><testcase classname="tests.test_iter3.TestProgresPDFExport" name="test_pdf_no_filter" time="0.056" /><testcase classname="tests.test_iter3.TestRekapNoPoFilter" name="test_no_filter_returns_all" time="0.048" /><testcase classname="tests.test_iter3.TestProgresPDFExport" name="test_pdf_with_tanggal_filter" time="0.090" /><testcase classname="tests.test_iter3.TestProgresPDFExport" name="test_pdf_requires_auth" time="0.147" /></testsuite></testsuites>