<?xml version="1.0" encoding="utf-8"?><testsuites name="pytest tests"><testsuite name="pytest" errors="0" failures="0" skipped="0" tests="18" time="4.361" timestamp="2026-07-25T06:37:11.375201+00:00" hostname="agent-env-502d5fd0-1c5b-4454-bca0-e1c08823ca6b"><testcase classname="tests.test_iter9.TestSPKItemModel" name="test_spk_qty_less_than_1_returns_422" time="0.671" /><testcase classname="tests.test_iter9.TestSPKItemModel" name="test_spk_missing_nama_barang_returns_422" time="0.049" /><testcase classname="tests.test_iter9.TestSPKItemModel" name="test_spk_valid_item_accepted" time="0.087" /><testcase classname="tests.test_iter9.TestPipelineValidation" name="test_servis_ok_then_over" time="0.884" /><testcase classname="tests.test_iter9.TestPipelineValidation" name="test_finishing_ok_then_over" time="0.104" /><testcase classname="tests.test_iter9.TestPipelineValidation" name="test_packing_ok_then_over" time="0.100" /><testcase classname="tests.test_iter9.TestStageEntryAndPipeline" name="test_1_post_creates_new_entry_with_sisa_setelah_input" time="0.231" /><testcase classname="tests.test_iter9.TestStageEntryAndPipeline" name="test_2_grinda_exceeds_bm_returns_400" time="0.047" /><testcase classname="tests.test_iter9.TestPipelineValidation" name="test_invalid_stage_rejected" time="0.047" /><testcase classname="tests.test_iter9.TestSyncFlows" name="test_add_bm_updates_sisa_grinda" time="0.337" /><testcase classname="tests.test_iter9.TestMultipleEntries" name="test_by_po_aggregates_grinda_sum" time="0.326" /><testcase classname="tests.test_iter9.TestMultipleEntries" name="test_entries_endpoint_returns_2_sorted_desc" time="0.046" /><testcase classname="tests.test_iter9.TestDeleteEntry" name="test_admin_can_delete_and_reaggregate" time="0.410" /><testcase classname="tests.test_iter9.TestSyncFlows" name="test_packing_sum_syncs_to_qty_ready" time="0.486" /><testcase classname="tests.test_iter9.TestMigration" name="test_no_legacy_progres_docs_remain" time="0.264" /><testcase classname="tests.test_iter9" name="test_zzz_cleanup" time="1.542" /><testcase classname="tests.test_iter9.TestDeleteEntry" name="test_staff_cannot_delete" time="0.641" /><testcase classname="tests.test_iter9.TestUpdateBmValidateFirst" name="test_update_bm_over_sisa_rejected_without_side_effect" time="0.278" /></testsuite></testsuites>