<?xml version="1.0" encoding="utf-8"?><testsuites name="pytest tests"><testsuite name="pytest" errors="0" failures="0" skipped="0" tests="25" time="86.606" timestamp="2026-07-24T10:16:15.215642+00:00" hostname="agent-env-502d5fd0-1c5b-4454-bca0-e1c08823ca6b"><testcase classname="tests.test_iter4.TestExportBarangMasukExcel" name="test_xlsx_content_type" time="44.279" /><testcase classname="tests.test_iter4.TestExportBarangMasukPDF" name="test_pdf_no_filter" time="44.324" /><testcase classname="tests.test_iter4.TestExportBarangMasukExcel" name="test_xlsx_has_foto_column" time="1.174" /><testcase classname="tests.test_iter4.TestExportBarangMasukPDF" name="test_pdf_search_filter_returns_pdf" time="1.575" /><testcase classname="tests.test_iter4.TestExportBarangMasukPDF" name="test_pdf_search_by_penerima" time="0.049" /><testcase classname="tests.test_iter4.TestExportBarangMasukPDF" name="test_pdf_search_by_nama_barang" time="0.093" /><testcase classname="tests.test_iter4.TestExportBarangMasukPDF" name="test_pdf_requires_auth" time="0.138" /><testcase classname="tests.test_iter4.TestExportBarangMasukExcel" name="test_xlsx_search_filter" time="0.680" /><testcase classname="tests.test_iter4.TestExportBarangMasukExcel" name="test_xlsx_search_no_match_returns_only_header" time="0.048" /><testcase classname="tests.test_iter4.TestRekapStaffingSummary" name="test_returns_expected_shape" time="0.046" /><testcase classname="tests.test_iter4.TestExportBarangMasukExcel" name="test_xlsx_requires_auth" time="0.102" /><testcase classname="tests.test_iter4.TestRekapStaffingSummary" name="test_no_po_filter" time="0.047" /><testcase classname="tests.test_iter4.TestRekapStaffingSummary" name="test_no_po_no_match_returns_empty" time="0.089" /><testcase classname="tests.test_iter4.TestExportStaffingExcel" name="test_xlsx_content_type_and_signature" time="2.989" /><testcase classname="tests.test_iter4.TestRekapStaffingSummary" name="test_requires_auth" time="2.904" /><testcase classname="tests.test_iter4.TestExportStaffingPDF" name="test_pdf" time="30.177" /><testcase classname="tests.test_iter4.TestExportStaffingExcel" name="test_xlsx_readable_by_openpyxl_and_has_foto_column" time="29.961" /><testcase classname="tests.test_iter4.TestExportStaffingExcel" name="test_xlsx_contains_images_if_data_present" time="0.756" /><testcase classname="tests.test_iter4.TestExportStaffingPDF" name="test_pdf_requires_auth" time="0.537" /><testcase classname="tests.test_iter4.TestIter3Regression" name="test_rekap_all_po_no_po_filter" time="0.046" /><testcase classname="tests.test_iter4.TestExportStaffingExcel" name="test_xlsx_requires_auth" time="0.097" /><testcase classname="tests.test_iter4.TestIter3Regression" name="test_auth_flow" time="1.430" /><testcase classname="tests.test_iter4.TestGuestAccess" name="test_guest_can_view_rekap_staffing_summary" time="0.553" /><testcase classname="tests.test_iter4.TestGuestAccess" name="test_guest_can_view_exports" time="5.147" /><testcase classname="tests.test_iter4.TestLegacyProgresCleanup" name="test_no_legacy_records_visible_via_rekap" time="0.048" /></testsuite></testsuites>