<?xml version="1.0" encoding="utf-8"?><testsuites name="pytest tests"><testsuite name="pytest" errors="0" failures="6" skipped="0" tests="11" time="2.093" timestamp="2026-07-24T10:49:22.171273+00:00" hostname="agent-env-502d5fd0-1c5b-4454-bca0-e1c08823ca6b"><testcase classname="tests.test_iter5.TestRekapAllPOStatus" name="test_rekap_all_po_returns_status_fields" time="0.735" /><testcase classname="tests.test_iter5.TestStaffingQtyStaffed" name="test_create_staffing_increments_qty_staffed" time="0.862"><failure message="AssertionError: expected 5 got None&#10;assert 0 == 5&#10; +  where 0 = &lt;built-in method get of dict object at 0xfb96c2d45080&gt;('qty_staffed', 0)&#10; +    where &lt;built-in method get of dict object at 0xfb96c2d45080&gt; = {'barang_id': '6a6343331521f2b04bf6d7dd', 'nama_barang': 'TEST_iter5_barang_st_1784890163', 'nama_pengrajin': 'TEST_iter5_pengrajin_st_1784890163', 'spesifikasi': 'spec-iter5', ...}.get">backend/tests/test_iter5.py:120: in test_create_staffing_increments_qty_staffed
    assert item.get("qty_staffed", 0) == 5, f"expected 5 got {item.get('qty_staffed')}"
E   AssertionError: expected 5 got None
E   assert 0 == 5
E    +  where 0 = &lt;built-in method get of dict object at 0xfb96c2d45080&gt;('qty_staffed', 0)
E    +    where &lt;built-in method get of dict object at 0xfb96c2d45080&gt; = {'barang_id': '6a6343331521f2b04bf6d7dd', 'nama_barang': 'TEST_iter5_barang_st_1784890163', 'nama_pengrajin': 'TEST_iter5_pengrajin_st_1784890163', 'spesifikasi': 'spec-iter5', ...}.get</failure></testcase><testcase classname="tests.test_iter5.TestRekapAllPOStatus" name="test_n10036_has_komplit_spk_true" time="0.045" /><testcase classname="tests.test_iter5.TestRekapAllPOStatus" name="test_new_po_without_spk_has_komplit_spk_false" time="0.180" /><testcase classname="tests.test_iter5.TestStaffingQtyStaffed" name="test_create_second_staffing_accumulates" time="0.088"><failure message="AssertionError: expected 8 got None&#10;assert 0 == 8&#10; +  where 0 = &lt;built-in method get of dict object at 0xfb96c2bf24c0&gt;('qty_staffed', 0)&#10; +    where &lt;built-in method get of dict object at 0xfb96c2bf24c0&gt; = {'barang_id': '6a6343331521f2b04bf6d7dd', 'nama_barang': 'TEST_iter5_barang_st_1784890163', 'nama_pengrajin': 'TEST_iter5_pengrajin_st_1784890163', 'spesifikasi': 'spec-iter5', ...}.get">backend/tests/test_iter5.py:135: in test_create_second_staffing_accumulates
    assert item.get("qty_staffed", 0) == 8, f"expected 8 got {item.get('qty_staffed')}"
E   AssertionError: expected 8 got None
E   assert 0 == 8
E    +  where 0 = &lt;built-in method get of dict object at 0xfb96c2bf24c0&gt;('qty_staffed', 0)
E    +    where &lt;built-in method get of dict object at 0xfb96c2bf24c0&gt; = {'barang_id': '6a6343331521f2b04bf6d7dd', 'nama_barang': 'TEST_iter5_barang_st_1784890163', 'nama_pengrajin': 'TEST_iter5_pengrajin_st_1784890163', 'spesifikasi': 'spec-iter5', ...}.get</failure></testcase><testcase classname="tests.test_iter5.TestRekapAllPOStatus" name="test_komplit_terkirim_flips_true_when_qty_staffed_meets_qty" time="0.274"><failure message="AssertionError: expected komplit_terkirim True: {'no_po': 'TEST_ITER5_KT_1784890163', 'nama_barang': 'TEST_iter5_barang_kt_1784890163', 'spesifikasi': 'spec-iter5', 'nama_pengrajin': 'TEST_iter5_pengrajin_kt_1784890163', 'qty_po': 3, 'qty_staffing': 0, 'kurang_kirim': 3, 'gambar_path': None, 'komplit_spk': False, 'komplit_terkirim': False, 'komplit_pengrajin': False, 'ready': False}&#10;assert False is True">backend/tests/test_iter5.py:225: in test_komplit_terkirim_flips_true_when_qty_staffed_meets_qty
    assert row["komplit_terkirim"] is True, f"expected komplit_terkirim True: {row}"
E   AssertionError: expected komplit_terkirim True: {'no_po': 'TEST_ITER5_KT_1784890163', 'nama_barang': 'TEST_iter5_barang_kt_1784890163', 'spesifikasi': 'spec-iter5', 'nama_pengrajin': 'TEST_iter5_pengrajin_kt_1784890163', 'qty_po': 3, 'qty_staffing': 0, 'kurang_kirim': 3, 'gambar_path': None, 'komplit_spk': False, 'komplit_terkirim': False, 'komplit_pengrajin': False, 'ready': False}
E   assert False is True</failure></testcase><testcase classname="tests.test_iter5.TestStaffingQtyStaffed" name="test_update_staffing_reverts_and_applies" time="0.097"><failure message="AssertionError: expected 13 got 5&#10;assert 5 == 13&#10; +  where 5 = &lt;built-in method get of dict object at 0xfb96c2c41980&gt;('qty_staffed', 0)&#10; +    where &lt;built-in method get of dict object at 0xfb96c2c41980&gt; = {'barang_id': '6a6343331521f2b04bf6d7dd', 'nama_barang': 'TEST_iter5_barang_st_1784890163', 'nama_pengrajin': 'TEST_iter5_pengrajin_st_1784890163', 'spesifikasi': 'spec-iter5', ...}.get">backend/tests/test_iter5.py:150: in test_update_staffing_reverts_and_applies
    assert item.get("qty_staffed", 0) == 13, f"expected 13 got {item.get('qty_staffed')}"
E   AssertionError: expected 13 got 5
E   assert 5 == 13
E    +  where 5 = &lt;built-in method get of dict object at 0xfb96c2c41980&gt;('qty_staffed', 0)
E    +    where &lt;built-in method get of dict object at 0xfb96c2c41980&gt; = {'barang_id': '6a6343331521f2b04bf6d7dd', 'nama_barang': 'TEST_iter5_barang_st_1784890163', 'nama_pengrajin': 'TEST_iter5_pengrajin_st_1784890163', 'spesifikasi': 'spec-iter5', ...}.get</failure></testcase><testcase classname="tests.test_iter5.TestStaffingQtyStaffed" name="test_delete_staffing_reverts" time="0.109"><failure message="AssertionError: expected 10 got 2&#10;assert 2 == 10&#10; +  where 2 = &lt;built-in method get of dict object at 0xfb96c2c51380&gt;('qty_staffed', 0)&#10; +    where &lt;built-in method get of dict object at 0xfb96c2c51380&gt; = {'barang_id': '6a6343331521f2b04bf6d7dd', 'nama_barang': 'TEST_iter5_barang_st_1784890163', 'nama_pengrajin': 'TEST_iter5_pengrajin_st_1784890163', 'spesifikasi': 'spec-iter5', ...}.get">backend/tests/test_iter5.py:159: in test_delete_staffing_reverts
    assert item.get("qty_staffed", 0) == 10, f"expected 10 got {item.get('qty_staffed')}"
E   AssertionError: expected 10 got 2
E   assert 2 == 10
E    +  where 2 = &lt;built-in method get of dict object at 0xfb96c2c51380&gt;('qty_staffed', 0)
E    +    where &lt;built-in method get of dict object at 0xfb96c2c51380&gt; = {'barang_id': '6a6343331521f2b04bf6d7dd', 'nama_barang': 'TEST_iter5_barang_st_1784890163', 'nama_pengrajin': 'TEST_iter5_pengrajin_st_1784890163', 'spesifikasi': 'spec-iter5', ...}.get</failure></testcase><testcase classname="tests.test_iter5.TestStaffingQtyStaffed" name="test_delete_staffing_not_found_returns_404" time="0.042" /><testcase classname="tests.test_iter5.TestPOQtyStaffedInit" name="test_create_po_initializes_qty_staffed_zero" time="0.140"><failure message="AssertionError: qty_staffed field missing&#10;assert 'qty_staffed' in {'barang_id': '6a6343331521f2b04bf6d7e6', 'nama_barang': 'TEST_iter5_barang_init_1784890163', 'nama_pengrajin': 'TEST_iter5_pengrajin_init_1784890163', 'spesifikasi': 'spec-iter5', ...}">backend/tests/test_iter5.py:74: in test_create_po_initializes_qty_staffed_zero
    assert "qty_staffed" in item, "qty_staffed field missing"
E   AssertionError: qty_staffed field missing
E   assert 'qty_staffed' in {'barang_id': '6a6343331521f2b04bf6d7e6', 'nama_barang': 'TEST_iter5_barang_init_1784890163', 'nama_pengrajin': 'TEST_iter5_pengrajin_init_1784890163', 'spesifikasi': 'spec-iter5', ...}</failure></testcase><testcase classname="tests.test_iter5.TestPOQtyStaffedInit" name="test_update_po_resets_qty_staffed_to_zero" time="0.182" /></testsuite></testsuites>