<?xml version="1.0" encoding="utf-8"?><testsuites name="pytest tests"><testsuite name="pytest" errors="0" failures="0" skipped="0" tests="10" time="4.329" timestamp="2026-07-27T11:04:46.402153+00:00" hostname="agent-env-502d5fd0-1c5b-4454-bca0-e1c08823ca6b"><testcase classname="tests.test_iter17_railway" name="test_auth_login[admin]" time="0.426" /><testcase classname="tests.test_iter17_railway" name="test_auth_login[staff]" time="0.323" /><testcase classname="tests.test_iter17_railway" name="test_auth_login[guest]" time="0.321" /><testcase classname="tests.test_iter17_railway" name="test_core_crud_get[/api/barang]" time="0.372" /><testcase classname="tests.test_iter17_railway" name="test_core_crud_get[/api/po]" time="0.364" /><testcase classname="tests.test_iter17_railway" name="test_core_crud_get[/api/staffing]" time="0.359" /><testcase classname="tests.test_iter17_railway" name="test_core_crud_get[/api/spk]" time="0.366" /><testcase classname="tests.test_iter17_railway" name="test_core_crud_get[/api/progres/by-po]" time="0.371" /><testcase classname="tests.test_iter17_railway" name="test_core_crud_get[/api/rekap/progres]" time="0.385" /><testcase classname="tests.test_iter17_railway" name="test_activity_log_middleware_on_mutation" time="0.499" /></testsuite></testsuites>