<?xml version="1.0" encoding="utf-8"?><testsuites name="pytest tests"><testsuite name="pytest" errors="0" failures="0" skipped="0" tests="18" time="5.724" timestamp="2026-07-29T05:46:45.887377+00:00" hostname="agent-env-502d5fd0-1c5b-4454-bca0-e1c08823ca6b"><testcase classname="tests.test_iter21_rekap.TestExportsRegression" name="test_export[/export/staffing/pdf]" time="1.056" /><testcase classname="tests.test_iter21_rekap.TestExportsRegression" name="test_export[/export/staffing/excel]" time="0.432" /><testcase classname="tests.test_iter21_rekap.TestExportsRegression" name="test_export[/export/barang-masuk/pdf]" time="1.313" /><testcase classname="tests.test_iter21_rekap.TestExportsRegression" name="test_export[/export/barang-masuk/excel]" time="1.306" /><testcase classname="tests.test_iter21_rekap.TestExportsRegression" name="test_export[/export/progres/pdf]" time="0.224" /><testcase classname="tests.test_iter21_rekap.TestRekapPerBarang" name="test_response_shape_and_aggregation" time="4.623" /><testcase classname="tests.test_iter21_rekap.TestRekapPerBarang" name="test_sort_a_z" time="0.094" /><testcase classname="tests.test_iter21_rekap.TestRekapPerBarang" name="test_filter_barang_id" time="0.050" /><testcase classname="tests.test_iter21_rekap.TestRekapPerBarang" name="test_filter_pengrajin_narrows" time="0.062" /><testcase classname="tests.test_iter21_rekap.TestRekapPerBarang" name="test_filter_date_range_exclude" time="0.049" /><testcase classname="tests.test_iter21_rekap.TestRekapProgres" name="test_no_nama_pengrajin" time="0.049" /><testcase classname="tests.test_iter21_rekap.TestRekapProgres" name="test_aggregate_packing" time="0.090" /><testcase classname="tests.test_iter21_rekap.TestRekapPerPengrajin" name="test_response_shape" time="0.728" /><testcase classname="tests.test_iter21_rekap.TestRekapProgres" name="test_filter_date_excludes" time="0.053" /><testcase classname="tests.test_iter21_rekap.TestRekapPerPengrajin" name="test_sort_a_z" time="0.044" /><testcase classname="tests.test_iter21_rekap.TestRekapRegression" name="test_all_po" time="0.049" /><testcase classname="tests.test_iter21_rekap.TestRekapPerPengrajin" name="test_filter_pengrajin_id" time="0.042" /><testcase classname="tests.test_iter21_rekap.TestRekapRegression" name="test_staffing_summary" time="0.052" /></testsuite></testsuites>