<?xml version="1.0" encoding="utf-8"?><testsuites name="pytest tests"><testsuite name="pytest" errors="0" failures="0" skipped="6" tests="59" time="5.386" timestamp="2026-07-29T05:01:22.732660+00:00" hostname="agent-env-502d5fd0-1c5b-4454-bca0-e1c08823ca6b"><testcase classname="tests.test_iter18_refactor" name="test_01_owner_role_login" time="0.360" /><testcase classname="tests.test_iter18_refactor" name="test_02_admin_role_login" time="0.488" /><testcase classname="tests.test_iter20_spk_single_pengrajin" name="test_00_setup_barang" time="0.849" /><testcase classname="tests.test_iter20_spk_single_pengrajin" name="test_01_setup_pengrajin" time="0.460" /><testcase classname="tests.test_iter18_refactor" name="test_03_admin_activity_log_200" time="0.398" /><testcase classname="tests.test_iter20_spk_single_pengrajin" name="test_02_setup_po" time="0.264" /><testcase classname="tests.test_iter18_refactor" name="test_04_owner_activity_log_200" time="0.397" /><testcase classname="tests.test_iter20_spk_single_pengrajin" name="test_10_spk_create_single_pengrajin_success" time="0.060" /><testcase classname="tests.test_iter20_spk_single_pengrajin" name="test_11_spk_create_second_pengrajin_success" time="0.051" /><testcase classname="tests.test_iter20_spk_single_pengrajin" name="test_12_spk_create_third_reach_po_qty" time="0.045" /><testcase classname="tests.test_iter20_spk_single_pengrajin" name="test_13_spk_create_over_po_qty_400" time="0.236" /><testcase classname="tests.test_iter18_refactor" name="test_05_staff_activity_log_403" time="0.406" /><testcase classname="tests.test_iter20_spk_single_pengrajin" name="test_20_spk_edit_over_po_qty" time="0.045" /><testcase classname="tests.test_iter20_spk_single_pengrajin" name="test_21_spk_edit_under_po_qty" time="0.403" /><testcase classname="tests.test_iter18_refactor" name="test_06_guest_activity_log_403" time="0.409" /><testcase classname="tests.test_iter20_spk_single_pengrajin" name="test_30_spk_missing_pengrajin_id" time="0.043" /><testcase classname="tests.test_iter20_spk_single_pengrajin" name="test_31_spk_invalid_pengrajin_id" time="0.042" /><testcase classname="tests.test_iter18_refactor" name="test_07_owner_post_barang_403" time="0.045" /><testcase classname="tests.test_iter20_spk_single_pengrajin" name="test_40_rekap_all_po_filter_no_po" time="0.046" /><testcase classname="tests.test_iter18_refactor" name="test_08_owner_post_pengrajin_403" time="0.042" /><testcase classname="tests.test_iter20_spk_single_pengrajin" name="test_41_rekap_all_po_filter_barang_and_pengrajin" time="0.045" /><testcase classname="tests.test_iter18_refactor" name="test_09_owner_post_po_403" time="0.083" /><testcase classname="tests.test_iter20_spk_single_pengrajin" name="test_42_rekap_all_po_filter_pengrajin_not_alloc" time="0.043" /><testcase classname="tests.test_iter18_refactor" name="test_10_owner_post_spk_403" time="0.046" /><testcase classname="tests.test_iter20_spk_single_pengrajin" name="test_43_rekap_per_pengrajin_filter" time="0.083" /><testcase classname="tests.test_iter18_refactor" name="test_11_owner_read_barang" time="0.045" /><testcase classname="tests.test_iter20_spk_single_pengrajin" name="test_50_staffing_filter_params_accepted" time="0.046" /><testcase classname="tests.test_iter18_refactor" name="test_12_owner_read_pengrajin" time="0.044" /><testcase classname="tests.test_iter20_spk_single_pengrajin" name="test_51_staffing_filter_pengrajin_none" time="0.081" /><testcase classname="tests.test_iter18_refactor" name="test_13_get_pengrajin_all_roles" time="0.181" /><testcase classname="tests.test_iter20_spk_single_pengrajin" name="test_60_export_staffing_pdf_with_filter" time="0.093" /><testcase classname="tests.test_iter20_spk_single_pengrajin" name="test_61_export_staffing_excel_with_filter" time="0.043" /><testcase classname="tests.test_iter18_refactor" name="test_14_admin_create_pengrajin" time="0.090" /><testcase classname="tests.test_iter20_spk_single_pengrajin" name="test_70_bm_aggregates_across_spks" time="0.306" /><testcase classname="tests.test_iter18_refactor" name="test_15_staff_create_pengrajin_403" time="0.085" /><testcase classname="tests.test_iter18_refactor" name="test_16_missing_nama_400" time="0.050" /><testcase classname="tests.test_iter18_refactor" name="test_17_admin_update_pengrajin" time="0.086" /><testcase classname="tests.test_iter18_refactor" name="test_18_admin_delete_pengrajin" time="0.043" /><testcase classname="tests.test_iter20_spk_single_pengrajin" name="test_80_legacy_allocations_flatten" time="0.168" /><testcase classname="tests.test_iter18_refactor" name="test_20_setup_barang_pengrajin_po" time="0.222" /><testcase classname="tests.test_iter18_refactor" name="test_21_spk_missing_allocations_400" time="0.000"><skipped type="pytest.skip" message="Iter20: SPK now uses single-pengrajin per item; legacy 'allocations must be non-empty' error text changed to 'wajib pilih pengrajin'. See test_iter20.">/app/backend/tests/test_iter18_refactor.py:212: Iter20: SPK now uses single-pengrajin per item; legacy 'allocations must be non-empty' error text changed to 'wajib pilih pengrajin'. See test_iter20.</skipped></testcase><testcase classname="tests.test_iter18_refactor" name="test_22_spk_sum_mismatch_400" time="0.000"><skipped type="pytest.skip" message="Iter20: allocations sum-match validation removed; single-pengrajin per item now. Backend flattens allocations[0]. See test_iter20.">/app/backend/tests/test_iter18_refactor.py:219: Iter20: allocations sum-match validation removed; single-pengrajin per item now. Backend flattens allocations[0]. See test_iter20.</skipped></testcase><testcase classname="tests.test_iter18_refactor" name="test_23_spk_invalid_pengrajin_400" time="0.254" /><testcase classname="tests.test_iter18_refactor" name="test_24_spk_valid_multi_alloc" time="0.000"><skipped type="pytest.skip" message="Iter20: static PO no_po causes cross-run state pollution; new cross-SPK aggregation blocks re-alloc on same PO. See test_iter20 for equivalent coverage.">/app/backend/tests/test_iter18_refactor.py:235: Iter20: static PO no_po causes cross-run state pollution; new cross-SPK aggregation blocks re-alloc on same PO. See test_iter20 for equivalent coverage.</skipped></testcase><testcase classname="tests.test_iter18_refactor" name="test_31_bm_no_pengrajin_400_or_allowed_legacy" time="0.088" /><testcase classname="tests.test_iter18_refactor" name="test_32_bm_exceed_alloc_400" time="0.000"><skipped type="pytest.skip" message="Iter20: depends on test_24 SPK being created (skipped). BM per-pengrajin cap still tested in test_iter20/test_iter19.">/app/backend/tests/test_iter18_refactor.py:262: Iter20: depends on test_24 SPK being created (skipped). BM per-pengrajin cap still tested in test_iter20/test_iter19.</skipped></testcase><testcase classname="tests.test_iter18_refactor" name="test_33_bm_valid" time="0.000"><skipped type="pytest.skip" message="Iter20: depends on test_24 SPK being created (skipped). BM valid path tested in test_iter20 test_70.">/app/backend/tests/test_iter18_refactor.py:277: Iter20: depends on test_24 SPK being created (skipped). BM valid path tested in test_iter20 test_70.</skipped></testcase><testcase classname="tests.test_iter18_refactor" name="test_41_grinda_exceed_bm_400" time="0.048" /><testcase classname="tests.test_iter18_refactor" name="test_42_grinda_valid" time="0.000"><skipped type="pytest.skip" message="Iter20: depends on skipped test_33 BM creation for pipeline.">/app/backend/tests/test_iter18_refactor.py:302: Iter20: depends on skipped test_33 BM creation for pipeline.</skipped></testcase><testcase classname="tests.test_iter18_refactor" name="test_43_servis_exceed_grinda_400" time="0.083" /><testcase classname="tests.test_iter18_refactor" name="test_51_get_barang" time="0.044" /><testcase classname="tests.test_iter18_refactor" name="test_52_get_po" time="0.045" /><testcase classname="tests.test_iter18_refactor" name="test_53_get_rekap_progres" time="0.045" /><testcase classname="tests.test_iter18_refactor" name="test_54_get_rekap_per_pengrajin" time="0.047" /><testcase classname="tests.test_iter18_refactor" name="test_99_cleanup" time="0.320" /><testcase classname="tests.test_iter19_progres_fix" name="test_p2_no_bm_grinda_rejected" time="0.835" /><testcase classname="tests.test_iter19_progres_fix" name="test_p1_grinda_valid" time="0.048" /><testcase classname="tests.test_iter19_progres_fix" name="test_progres_entries_persist_pengrajin_id" time="0.084" /><testcase classname="tests.test_iter19_progres_fix" name="test_p1_grinda_exceed_now_rejected" time="0.407" /></testsuite></testsuites>