<?xml version="1.0" encoding="utf-8"?><testsuites name="pytest tests"><testsuite name="pytest" errors="0" failures="0" skipped="0" tests="16" time="2.673" timestamp="2026-07-25T08:57:21.283416+00:00" hostname="agent-env-502d5fd0-1c5b-4454-bca0-e1c08823ca6b"><testcase classname="tests.test_iter11.TestActivityLogEndpoints" name="test_get_activity_log_exists" time="0.590" /><testcase classname="tests.test_iter11.TestFiltersAndPurge" name="test_filter_limit" time="0.640" /><testcase classname="tests.test_iter11.TestFiltersAndPurge" name="test_filter_resource_barang" time="0.050" /><testcase classname="tests.test_iter11.TestFiltersAndPurge" name="test_sorted_desc" time="0.262" /><testcase classname="tests.test_iter11.TestActivityLogEndpoints" name="test_get_activity_log_forbidden_for_staff" time="0.409" /><testcase classname="tests.test_iter11.TestFiltersAndPurge" name="test_purge_forbidden_for_guest" time="0.549" /><testcase classname="tests.test_iter11.TestFiltersAndPurge" name="test_purge_valid" time="0.049" /><testcase classname="tests.test_iter11.TestActivityLogEndpoints" name="test_get_activity_log_forbidden_for_guest" time="0.562" /><testcase classname="tests.test_iter11.TestRegressionIter10" name="test_barang_list_works" time="0.048" /><testcase classname="tests.test_iter11.TestActivityLogEndpoints" name="test_purge_requires_before_param" time="0.044" /><testcase classname="tests.test_iter11.TestRegressionIter10" name="test_po_list_works" time="0.049" /><testcase classname="tests.test_iter11.TestActivityLogEndpoints" name="test_purge_forbidden_for_staff" time="0.088" /><testcase classname="tests.test_iter11.TestRegressionIter10" name="test_progres_works" time="0.052" /><testcase classname="tests.test_iter11.TestAuthLogging" name="test_login_creates_log_entry" time="0.046" /><testcase classname="tests.test_iter11.TestMutationMiddleware" name="test_barang_crud_creates_log_entries" time="0.412" /><testcase classname="tests.test_iter11.TestAuthLogging" name="test_failed_login_creates_log_entry" time="0.374" /></testsuite></testsuites>