<?xml version="1.0" encoding="utf-8"?><testsuites name="pytest tests"><testsuite name="pytest" errors="0" failures="1" skipped="0" tests="33" time="4.912" timestamp="2026-07-24T07:50:29.328099+00:00" hostname="agent-env-502d5fd0-1c5b-4454-bca0-e1c08823ca6b"><testcase classname="tests.backend_test.TestAuth" name="test_login_admin_success" time="0.400" /><testcase classname="tests.backend_test.TestAuth" name="test_login_staff_success" time="0.485" /><testcase classname="tests.backend_test.TestBarang" name="test_create_barang_admin" time="0.937" /><testcase classname="tests.backend_test.TestAuth" name="test_login_guest_success" time="0.352" /><testcase classname="tests.backend_test.TestAuth" name="test_login_invalid" time="0.481" /><testcase classname="tests.backend_test.TestBarang" name="test_create_barang_staff_forbidden" time="0.785" /><testcase classname="tests.backend_test.TestAuth" name="test_me_unauthenticated" time="0.102" /><testcase classname="tests.backend_test.TestBarang" name="test_create_barang_guest_forbidden" time="0.575" /><testcase classname="tests.backend_test.TestAuth" name="test_me_authenticated" time="0.523" /><testcase classname="tests.backend_test.TestAuth" name="test_logout" time="0.403" /><testcase classname="tests.backend_test.TestBarang" name="test_list_barang_admin_has_prices" time="0.374" /><testcase classname="tests.backend_test.TestBarang" name="test_list_barang_staff_hides_price_shows_pengrajin" time="0.070" /><testcase classname="tests.backend_test.TestBarang" name="test_list_barang_guest_hides_price_and_pengrajin" time="0.085" /><testcase classname="tests.backend_test.TestPO" name="test_create_po_admin" time="0.155" /><testcase classname="tests.backend_test.TestBarang" name="test_search_barang" time="0.085" /><testcase classname="tests.backend_test.TestBarangMasuk" name="test_create_barang_masuk_staff_allowed" time="0.427" /><testcase classname="tests.backend_test.TestPO" name="test_create_po_staff_forbidden" time="0.460" /><testcase classname="tests.backend_test.TestBarangMasuk" name="test_barang_masuk_guest_forbidden" time="0.089" /><testcase classname="tests.backend_test.TestPO" name="test_update_po_admin" time="0.153" /><testcase classname="tests.backend_test.TestBarangMasuk" name="test_list_barang_masuk" time="0.086" /><testcase classname="tests.backend_test.TestRekap" name="test_rekap_all_po" time="0.052" /><testcase classname="tests.backend_test.TestPO" name="test_po_list_staff_no_prices" time="0.048" /><testcase classname="tests.backend_test.TestRekap" name="test_rekap_per_pengrajin_admin" time="0.044" /><testcase classname="tests.backend_test.TestRekap" name="test_rekap_per_pengrajin_guest_forbidden" time="0.043" /><testcase classname="tests.backend_test.TestSPK" name="test_create_spk_admin" time="0.330" /><testcase classname="tests.backend_test.TestPO" name="test_po_list_guest_no_prices_no_pengrajin" time="0.432" /><testcase classname="tests.backend_test.TestSPK" name="test_spk_staff_forbidden" time="0.042" /><testcase classname="tests.backend_test.TestStaffing" name="test_create_staffing_staff_allowed" time="0.074" /><testcase classname="tests.backend_test.TestProgres" name="test_update_progres_staff" time="0.069"><failure message="assert 500 == 200&#10; +  where 500 = &lt;Response [500]&gt;.status_code">backend/tests/backend_test.py:332: in test_update_progres_staff
    assert r.status_code == 200
E   assert 500 == 200
E    +  where 500 = &lt;Response [500]&gt;.status_code</failure></testcase><testcase classname="tests.backend_test.TestStaffing" name="test_staffing_guest_forbidden" time="0.055" /><testcase classname="tests.backend_test.TestProgres" name="test_progres_guest_forbidden" time="0.045" /><testcase classname="tests.backend_test.TestExport" name="test_export_po_pdf" time="0.107" /><testcase classname="tests.backend_test.TestExport" name="test_export_barang_masuk_excel" time="0.100" /></testsuite></testsuites>